<?xml version="1.0" encoding="UTF-8"?>
<testng-results skipped="0" failed="1" total="8" passed="7">
  <reporter-output>
  </reporter-output>
  <suite name="Default Suite" duration-ms="0" started-at="2015-10-08T15:18:15Z" finished-at="2015-10-08T15:18:15Z">
    <groups>
    </groups>
  </suite> <!-- Default Suite -->
  <suite name="Suite1" duration-ms="4752664" started-at="2015-10-08T13:59:03Z" finished-at="2015-10-08T15:18:15Z">
    <groups>
    </groups>
    <test name="AAM-07.0.0.0.441-e55-0.ova" duration-ms="4752664" started-at="2015-10-08T13:59:03Z" finished-at="2015-10-08T15:18:15Z">
      <class name="com.avaya.sdmclient.runnerdemo.c1">
        <test-method status="PASS" signature="setup()[pri:0, instance:com.avaya.sdmclient.runnerdemo.c1@49f00e26]" name="setup" is-config="true" duration-ms="0" started-at="2015-10-08T19:29:03Z" finished-at="2015-10-08T19:29:03Z">
          <reporter-output>
          </reporter-output>
        </test-method> <!-- setup -->
        <test-method status="PASS" signature="AddVMSuite(java.lang.String, java.lang.String)[pri:0, instance:com.avaya.sdmclient.runnerdemo.c1@49f00e26]" name="AddVMSuite" duration-ms="569048" started-at="2015-10-08T19:29:03Z" description="Adding VM to given Location and Host" finished-at="2015-10-08T19:38:32Z">
          <params>
            <param index="0">
              <value>
                <![CDATA[148.147.162.221]]>
              </value>
            </param>
            <param index="1">
              <value>
                <![CDATA[AAM-07.0.0.0.441-e55-0.ova]]>
              </value>
            </param>
          </params>
          <reporter-output>
          </reporter-output>
        </test-method> <!-- AddVMSuite -->
        <test-method status="PASS" signature="EditVM(java.lang.String, java.lang.String)[pri:0, instance:com.avaya.sdmclient.runnerdemo.c1@49f00e26]" name="EditVM" duration-ms="40091" started-at="2015-10-08T19:38:32Z" description="Editing VM to given Location and Host" finished-at="2015-10-08T19:39:12Z">
          <params>
            <param index="0">
              <value>
                <![CDATA[148.147.162.221]]>
              </value>
            </param>
            <param index="1">
              <value>
                <![CDATA[AAM-07.0.0.0.441-e55-0.ova]]>
              </value>
            </param>
          </params>
          <reporter-output>
          </reporter-output>
        </test-method> <!-- EditVM -->
        <test-method status="PASS" signature="StopVM(java.lang.String, java.lang.String)[pri:0, instance:com.avaya.sdmclient.runnerdemo.c1@49f00e26]" name="StopVM" duration-ms="126961" started-at="2015-10-08T19:39:12Z" description="Stoping VM to given Location and Host" finished-at="2015-10-08T19:41:19Z">
          <params>
            <param index="0">
              <value>
                <![CDATA[148.147.162.221]]>
              </value>
            </param>
            <param index="1">
              <value>
                <![CDATA[AAM-07.0.0.0.441-e55-0.ova]]>
              </value>
            </param>
          </params>
          <reporter-output>
          </reporter-output>
        </test-method> <!-- StopVM -->
        <test-method status="PASS" signature="StartVM(java.lang.String, java.lang.String)[pri:0, instance:com.avaya.sdmclient.runnerdemo.c1@49f00e26]" name="StartVM" duration-ms="125868" started-at="2015-10-08T19:41:19Z" description="Starting VM to given Location and Host" finished-at="2015-10-08T19:43:25Z">
          <params>
            <param index="0">
              <value>
                <![CDATA[148.147.162.221]]>
              </value>
            </param>
            <param index="1">
              <value>
                <![CDATA[AAM-07.0.0.0.441-e55-0.ova]]>
              </value>
            </param>
          </params>
          <reporter-output>
          </reporter-output>
        </test-method> <!-- StartVM -->
        <test-method status="FAIL" signature="RefreshVM(java.lang.String, java.lang.String)[pri:0, instance:com.avaya.sdmclient.runnerdemo.c1@49f00e26]" name="RefreshVM" duration-ms="53455" started-at="2015-10-08T19:43:25Z" description="Refreshing VM to given Location and Host" finished-at="2015-10-08T19:44:18Z">
          <params>
            <param index="0">
              <value>
                <![CDATA[148.147.162.221]]>
              </value>
            </param>
            <param index="1">
              <value>
                <![CDATA[AAM-07.0.0.0.441-e55-0.ova]]>
              </value>
            </param>
          </params>
          <exception class="org.openqa.selenium.TimeoutException">
            <message>
              <![CDATA[Timed out after 10 seconds waiting for presence of element located by: By.id: vmDeployStatus
Build info: version: '2.46.0', revision: '87c69e2', time: '2015-06-04 16:16:47'
System info: host: 'HA1101901716', ip: '148.147.208.138', os.name: 'Windows 7', os.arch: 'amd64', os.version: '6.1', java.version: '1.7.0_71'
Session ID: c05067ba-1360-4206-8872-ae7a39ac026e
Driver info: org.openqa.selenium.firefox.FirefoxDriver
Capabilities [{platform=WINDOWS, acceptSslCerts=true, javascriptEnabled=true, cssSelectorsEnabled=true, databaseEnabled=true, browserName=firefox, handlesAlerts=true, nativeEvents=false, webStorageEnabled=true, rotatable=false, locationContextEnabled=true, applicationCacheEnabled=true, takesScreenshot=true, version=40.0.3}]]]>
            </message>
            <full-stacktrace>
              <![CDATA[org.openqa.selenium.TimeoutException: Timed out after 10 seconds waiting for presence of element located by: By.id: vmDeployStatus
Build info: version: '2.46.0', revision: '87c69e2', time: '2015-06-04 16:16:47'
System info: host: 'HA1101901716', ip: '148.147.208.138', os.name: 'Windows 7', os.arch: 'amd64', os.version: '6.1', java.version: '1.7.0_71'
Session ID: c05067ba-1360-4206-8872-ae7a39ac026e
Driver info: org.openqa.selenium.firefox.FirefoxDriver
Capabilities [{platform=WINDOWS, acceptSslCerts=true, javascriptEnabled=true, cssSelectorsEnabled=true, databaseEnabled=true, browserName=firefox, handlesAlerts=true, nativeEvents=false, webStorageEnabled=true, rotatable=false, locationContextEnabled=true, applicationCacheEnabled=true, takesScreenshot=true, version=40.0.3}]
	at org.openqa.selenium.support.ui.WebDriverWait.timeoutException(WebDriverWait.java:80)
	at org.openqa.selenium.support.ui.FluentWait.until(FluentWait.java:229)
	at com.avaya.sdmclient.Settings.StatusCheck(Settings.java:666)
	at com.avaya.sdmclient.runnerdemo.c1.RefreshVM(c1.java:305)
	at sun.reflect.NativeMethodAccessorImpl.invoke0(Native Method)
	at sun.reflect.NativeMethodAccessorImpl.invoke(Unknown Source)
	at sun.reflect.DelegatingMethodAccessorImpl.invoke(Unknown Source)
	at java.lang.reflect.Method.invoke(Unknown Source)
	at org.testng.internal.MethodInvocationHelper.invokeMethod(MethodInvocationHelper.java:85)
	at org.testng.internal.Invoker.invokeMethod(Invoker.java:648)
	at org.testng.internal.Invoker.invokeTestMethod(Invoker.java:834)
	at org.testng.internal.Invoker.invokeTestMethods(Invoker.java:1142)
	at org.testng.internal.TestMethodWorker.invokeTestMethods(TestMethodWorker.java:124)
	at org.testng.internal.TestMethodWorker.run(TestMethodWorker.java:108)
	at org.testng.TestRunner.privateRun(TestRunner.java:771)
	at org.testng.TestRunner.run(TestRunner.java:621)
	at org.testng.SuiteRunner.runTest(SuiteRunner.java:357)
	at org.testng.SuiteRunner.runSequentially(SuiteRunner.java:352)
	at org.testng.SuiteRunner.privateRun(SuiteRunner.java:310)
	at org.testng.SuiteRunner.run(SuiteRunner.java:259)
	at org.testng.SuiteRunnerWorker.runSuite(SuiteRunnerWorker.java:52)
	at org.testng.SuiteRunnerWorker.run(SuiteRunnerWorker.java:86)
	at org.testng.TestNG.runSuitesSequentially(TestNG.java:1176)
	at org.testng.TestNG.runSuitesSequentially(TestNG.java:1172)
	at org.testng.TestNG.runSuitesLocally(TestNG.java:1101)
	at org.testng.TestNG.run(TestNG.java:1009)
	at com.avaya.sdmclient.runnerdemo.settingsForConcThreads.runThread(settingsForConcThreads.java:306)
	at com.avaya.sdmclient.runnerdemo.c1$1MyRunnable.run(c1.java:419)
	at java.lang.Thread.run(Unknown Source)
Caused by: org.openqa.selenium.NoSuchElementException: Unable to locate element: {"method":"id","selector":"vmDeployStatus"}
Command duration or timeout: 11.53 seconds
For documentation on this error, please visit: http://seleniumhq.org/exceptions/no_such_element.html
Build info: version: '2.46.0', revision: '87c69e2', time: '2015-06-04 16:16:47'
System info: host: 'HA1101901716', ip: '148.147.208.138', os.name: 'Windows 7', os.arch: 'amd64', os.version: '6.1', java.version: '1.7.0_71'
*** Element info: {Using=id, value=vmDeployStatus}
Session ID: c05067ba-1360-4206-8872-ae7a39ac026e
Driver info: org.openqa.selenium.firefox.FirefoxDriver
Capabilities [{platform=WINDOWS, acceptSslCerts=true, javascriptEnabled=true, cssSelectorsEnabled=true, databaseEnabled=true, browserName=firefox, handlesAlerts=true, nativeEvents=false, webStorageEnabled=true, rotatable=false, locationContextEnabled=true, applicationCacheEnabled=true, takesScreenshot=true, version=40.0.3}]
	at sun.reflect.GeneratedConstructorAccessor15.newInstance(Unknown Source)
	at sun.reflect.DelegatingConstructorAccessorImpl.newInstance(Unknown Source)
	at java.lang.reflect.Constructor.newInstance(Unknown Source)
	at org.openqa.selenium.remote.ErrorHandler.createThrowable(ErrorHandler.java:204)
	at org.openqa.selenium.remote.ErrorHandler.throwIfResponseFailed(ErrorHandler.java:156)
	at org.openqa.selenium.remote.RemoteWebDriver.execute(RemoteWebDriver.java:605)
	at org.openqa.selenium.remote.RemoteWebDriver.findElement(RemoteWebDriver.java:358)
	at org.openqa.selenium.remote.RemoteWebDriver.findElementById(RemoteWebDriver.java:399)
	at org.openqa.selenium.By$ById.findElement(By.java:215)
	at org.openqa.selenium.remote.RemoteWebDriver.findElement(RemoteWebDriver.java:350)
	at org.openqa.selenium.support.ui.ExpectedConditions.findElement(ExpectedConditions.java:809)
	at org.openqa.selenium.support.ui.ExpectedConditions.access$0(ExpectedConditions.java:807)
	at org.openqa.selenium.support.ui.ExpectedConditions$6.apply(ExpectedConditions.java:181)
	at org.openqa.selenium.support.ui.ExpectedConditions$6.apply(ExpectedConditions.java:1)
	at org.openqa.selenium.support.ui.FluentWait.until(FluentWait.java:209)
	... 27 more
Caused by: org.openqa.selenium.NoSuchElementException: Unable to locate element: {"method":"id","selector":"vmDeployStatus"}
For documentation on this error, please visit: http://seleniumhq.org/exceptions/no_such_element.html
Build info: version: '2.46.0', revision: '87c69e2', time: '2015-06-04 16:16:47'
System info: host: 'HA1101901716', ip: '148.147.208.138', os.name: 'Windows 7', os.arch: 'amd64', os.version: '6.1', java.version: '1.7.0_71'
Driver info: driver.version: unknown
	at <anonymous class>.FirefoxDriver.prototype.findElementInternal_(file:///C:/Users/BSHING~1/AppData/Local/Temp/anonymous6990417024072467344webdriver-profile/extensions/fxdriver@googlecode.com/components/driver-component.js:10299)
	at <anonymous class>.fxdriver.Timer.prototype.setTimeout/<.notify(file:///C:/Users/BSHING~1/AppData/Local/Temp/anonymous6990417024072467344webdriver-profile/extensions/fxdriver@googlecode.com/components/driver-component.js:603)
]]>
            </full-stacktrace>
          </exception> <!-- org.openqa.selenium.TimeoutException -->
          <reporter-output>
          </reporter-output>
        </test-method> <!-- RefreshVM -->
        <test-method status="PASS" signature="RestartVM(java.lang.String, java.lang.String)[pri:0, instance:com.avaya.sdmclient.runnerdemo.c1@49f00e26]" name="RestartVM" duration-ms="166103" started-at="2015-10-08T19:44:18Z" description="Restarting VM to given Location and Host" finished-at="2015-10-08T19:47:04Z">
          <params>
            <param index="0">
              <value>
                <![CDATA[148.147.162.221]]>
              </value>
            </param>
            <param index="1">
              <value>
                <![CDATA[AAM-07.0.0.0.441-e55-0.ova]]>
              </value>
            </param>
          </params>
          <reporter-output>
          </reporter-output>
        </test-method> <!-- RestartVM -->
        <test-method status="PASS" signature="DeleteVM(java.lang.String, java.lang.String)[pri:0, instance:com.avaya.sdmclient.runnerdemo.c1@49f00e26]" name="DeleteVM" duration-ms="40221" started-at="2015-10-08T19:47:04Z" description="Deleting VM to given Location and Host" finished-at="2015-10-08T19:47:44Z">
          <params>
            <param index="0">
              <value>
                <![CDATA[148.147.162.221]]>
              </value>
            </param>
            <param index="1">
              <value>
                <![CDATA[AAM-07.0.0.0.441-e55-0.ova]]>
              </value>
            </param>
          </params>
          <reporter-output>
          </reporter-output>
        </test-method> <!-- DeleteVM -->
        <test-method status="PASS" signature="startNewThread(java.lang.String, java.lang.String)[pri:0, instance:com.avaya.sdmclient.runnerdemo.c1@49f00e26]" name="startNewThread" duration-ms="3630917" started-at="2015-10-08T19:47:44Z" description="Starting New Thread" finished-at="2015-10-08T20:48:15Z">
          <params>
            <param index="0">
              <value>
                <![CDATA[148.147.162.221]]>
              </value>
            </param>
            <param index="1">
              <value>
                <![CDATA[AAM-07.0.0.0.441-e55-0.ova]]>
              </value>
            </param>
          </params>
          <reporter-output>
          </reporter-output>
        </test-method> <!-- startNewThread -->
      </class> <!-- com.avaya.sdmclient.runnerdemo.c1 -->
    </test> <!-- AAM-07.0.0.0.441-e55-0.ova -->
  </suite> <!-- Suite1 -->
</testng-results>
