<?xml version="1.0" encoding="UTF-8"?>
<testng-results skipped="0" failed="1" total="8" passed="7">
  <reporter-output>
  </reporter-output>
  <suite name="Default Suite" duration-ms="0" started-at="2015-09-22T13:50:58Z" finished-at="2015-09-22T13:50:58Z">
    <groups>
    </groups>
  </suite> <!-- Default Suite -->
  <suite name="Concurrent Suite" duration-ms="1356395" started-at="2015-09-22T13:28:21Z" finished-at="2015-09-22T13:50:58Z">
    <groups>
    </groups>
    <test name="SM-7.0.0.0.700007-e55-01.ova" duration-ms="1356395" started-at="2015-09-22T13:28:21Z" finished-at="2015-09-22T13:50:58Z">
      <class name="com.avaya.sdmclient.runnerdemo.sdmSMGRConcurrent">
        <test-method status="PASS" signature="setup()[pri:0, instance:com.avaya.sdmclient.runnerdemo.sdmSMGRConcurrent@2d861958]" name="setup" is-config="true" duration-ms="10" started-at="2015-09-22T18:58:21Z" finished-at="2015-09-22T18:58:21Z">
          <reporter-output>
          </reporter-output>
        </test-method> <!-- setup -->
        <test-method status="PASS" signature="AddVM(java.lang.String, java.lang.String)[pri:0, instance:com.avaya.sdmclient.runnerdemo.sdmSMGRConcurrent@2d861958]" name="AddVM" duration-ms="676966" started-at="2015-09-22T18:58:21Z" description="Adding VM to given Location and Host" finished-at="2015-09-22T19:09:38Z">
          <params>
            <param index="0">
              <value>
                <![CDATA[148.147.162.221]]>
              </value>
            </param>
            <param index="1">
              <value>
                <![CDATA[SM-7.0.0.0.700007-e55-01.ova]]>
              </value>
            </param>
          </params>
          <reporter-output>
          </reporter-output>
        </test-method> <!-- AddVM -->
        <test-method status="PASS" signature="startNewThread()[pri:0, instance:com.avaya.sdmclient.runnerdemo.sdmSMGRConcurrent@2d861958]" name="startNewThread" duration-ms="29623" started-at="2015-09-22T19:09:38Z" description="Starting New Thread" finished-at="2015-09-22T19:10:08Z">
          <reporter-output>
          </reporter-output>
        </test-method> <!-- startNewThread -->
        <test-method status="PASS" signature="EditVM(java.lang.String, java.lang.String)[pri:0, instance:com.avaya.sdmclient.runnerdemo.sdmSMGRConcurrent@2d861958]" name="EditVM" duration-ms="26395" started-at="2015-09-22T19:10:08Z" description="Editing VM to given Location and Host" depends-on-methods="com.avaya.sdmclient.runnerdemo.sdmSMGRConcurrent.AddVM" finished-at="2015-09-22T19:10:34Z">
          <params>
            <param index="0">
              <value>
                <![CDATA[148.147.162.221]]>
              </value>
            </param>
            <param index="1">
              <value>
                <![CDATA[SM-7.0.0.0.700007-e55-01.ova]]>
              </value>
            </param>
          </params>
          <reporter-output>
          </reporter-output>
        </test-method> <!-- EditVM -->
        <test-method status="PASS" signature="StopVM(java.lang.String, java.lang.String)[pri:0, instance:com.avaya.sdmclient.runnerdemo.sdmSMGRConcurrent@2d861958]" name="StopVM" duration-ms="91149" started-at="2015-09-22T19:10:34Z" description="Stoping VM to given Location and Host" depends-on-methods="com.avaya.sdmclient.runnerdemo.sdmSMGRConcurrent.AddVM" finished-at="2015-09-22T19:12:06Z">
          <params>
            <param index="0">
              <value>
                <![CDATA[148.147.162.221]]>
              </value>
            </param>
            <param index="1">
              <value>
                <![CDATA[SM-7.0.0.0.700007-e55-01.ova]]>
              </value>
            </param>
          </params>
          <reporter-output>
          </reporter-output>
        </test-method> <!-- StopVM -->
        <test-method status="PASS" signature="StartVM(java.lang.String, java.lang.String)[pri:0, instance:com.avaya.sdmclient.runnerdemo.sdmSMGRConcurrent@2d861958]" name="StartVM" duration-ms="87998" started-at="2015-09-22T19:12:06Z" description="Starting VM to given Location and Host" depends-on-methods="com.avaya.sdmclient.runnerdemo.sdmSMGRConcurrent.AddVM" finished-at="2015-09-22T19:13:34Z">
          <params>
            <param index="0">
              <value>
                <![CDATA[148.147.162.221]]>
              </value>
            </param>
            <param index="1">
              <value>
                <![CDATA[SM-7.0.0.0.700007-e55-01.ova]]>
              </value>
            </param>
          </params>
          <reporter-output>
          </reporter-output>
        </test-method> <!-- StartVM -->
        <test-method status="FAIL" signature="RefreshVM(java.lang.String, java.lang.String)[pri:0, instance:com.avaya.sdmclient.runnerdemo.sdmSMGRConcurrent@2d861958]" name="RefreshVM" duration-ms="121869" started-at="2015-09-22T19:13:34Z" description="Refreshing VM to given Location and Host" depends-on-methods="com.avaya.sdmclient.runnerdemo.sdmSMGRConcurrent.AddVM" finished-at="2015-09-22T19:15:35Z">
          <params>
            <param index="0">
              <value>
                <![CDATA[148.147.162.221]]>
              </value>
            </param>
            <param index="1">
              <value>
                <![CDATA[SM-7.0.0.0.700007-e55-01.ova]]>
              </value>
            </param>
          </params>
          <exception class="org.openqa.selenium.TimeoutException">
            <message>
              <![CDATA[Timed out after 50 seconds waiting for text ('VM Refresh Completed') to be present in element found by By.id: vmDeployStatus
Build info: version: '2.46.0', revision: '87c69e2', time: '2015-06-04 16:16:47'
System info: host: 'HA1101901716', ip: '148.147.208.138', os.name: 'Windows 7', os.arch: 'amd64', os.version: '6.1', java.version: '1.7.0_71'
Driver info: driver.version: unknown]]>
            </message>
            <full-stacktrace>
              <![CDATA[org.openqa.selenium.TimeoutException: Timed out after 50 seconds waiting for text ('VM Refresh Completed') to be present in element found by By.id: vmDeployStatus
Build info: version: '2.46.0', revision: '87c69e2', time: '2015-06-04 16:16:47'
System info: host: 'HA1101901716', ip: '148.147.208.138', os.name: 'Windows 7', os.arch: 'amd64', os.version: '6.1', java.version: '1.7.0_71'
Driver info: driver.version: unknown
	at org.openqa.selenium.support.ui.FluentWait.timeoutException(FluentWait.java:260)
	at org.openqa.selenium.support.ui.FluentWait.until(FluentWait.java:229)
	at com.avaya.sdmclient.Settings.fluentWait(Settings.java:475)
	at com.avaya.sdmclient.runnerdemo.sdmSMGRConcurrent.RefreshVM(sdmSMGRConcurrent.java:521)
	at sun.reflect.NativeMethodAccessorImpl.invoke0(Native Method)
	at sun.reflect.NativeMethodAccessorImpl.invoke(Unknown Source)
	at sun.reflect.DelegatingMethodAccessorImpl.invoke(Unknown Source)
	at java.lang.reflect.Method.invoke(Unknown Source)
	at org.testng.internal.MethodInvocationHelper.invokeMethod(MethodInvocationHelper.java:85)
	at org.testng.internal.Invoker.invokeMethod(Invoker.java:648)
	at org.testng.internal.Invoker.invokeTestMethod(Invoker.java:834)
	at org.testng.internal.Invoker.invokeTestMethods(Invoker.java:1142)
	at org.testng.internal.TestMethodWorker.invokeTestMethods(TestMethodWorker.java:124)
	at org.testng.internal.TestMethodWorker.run(TestMethodWorker.java:108)
	at org.testng.TestRunner.privateRun(TestRunner.java:771)
	at org.testng.TestRunner.run(TestRunner.java:621)
	at org.testng.SuiteRunner.runTest(SuiteRunner.java:357)
	at org.testng.SuiteRunner.runSequentially(SuiteRunner.java:352)
	at org.testng.SuiteRunner.privateRun(SuiteRunner.java:310)
	at org.testng.SuiteRunner.run(SuiteRunner.java:259)
	at org.testng.SuiteRunnerWorker.runSuite(SuiteRunnerWorker.java:52)
	at org.testng.SuiteRunnerWorker.run(SuiteRunnerWorker.java:86)
	at org.testng.TestNG.runSuitesSequentially(TestNG.java:1176)
	at org.testng.TestNG.runSuitesSequentially(TestNG.java:1172)
	at org.testng.TestNG.runSuitesLocally(TestNG.java:1101)
	at org.testng.TestNG.run(TestNG.java:1009)
	at com.avaya.sdmclient.runnerdemo.driverConcurrentInstallations.main(driverConcurrentInstallations.java:35)
]]>
            </full-stacktrace>
          </exception> <!-- org.openqa.selenium.TimeoutException -->
          <reporter-output>
          </reporter-output>
        </test-method> <!-- RefreshVM -->
        <test-method status="PASS" signature="RestartVM(java.lang.String, java.lang.String)[pri:0, instance:com.avaya.sdmclient.runnerdemo.sdmSMGRConcurrent@2d861958]" name="RestartVM" duration-ms="130891" started-at="2015-09-22T19:15:35Z" description="Restarting VM to given Location and Host" depends-on-methods="com.avaya.sdmclient.runnerdemo.sdmSMGRConcurrent.AddVM" finished-at="2015-09-22T19:17:46Z">
          <params>
            <param index="0">
              <value>
                <![CDATA[148.147.162.221]]>
              </value>
            </param>
            <param index="1">
              <value>
                <![CDATA[SM-7.0.0.0.700007-e55-01.ova]]>
              </value>
            </param>
          </params>
          <reporter-output>
          </reporter-output>
        </test-method> <!-- RestartVM -->
        <test-method status="PASS" signature="DeleteVM(java.lang.String, java.lang.String)[pri:0, instance:com.avaya.sdmclient.runnerdemo.sdmSMGRConcurrent@2d861958]" name="DeleteVM" duration-ms="191480" started-at="2015-09-22T19:17:46Z" description="Deleting VM to given Location and Host" depends-on-methods="com.avaya.sdmclient.runnerdemo.sdmSMGRConcurrent.AddVM" finished-at="2015-09-22T19:20:58Z">
          <params>
            <param index="0">
              <value>
                <![CDATA[148.147.162.221]]>
              </value>
            </param>
            <param index="1">
              <value>
                <![CDATA[SM-7.0.0.0.700007-e55-01.ova]]>
              </value>
            </param>
          </params>
          <reporter-output>
          </reporter-output>
        </test-method> <!-- DeleteVM -->
      </class> <!-- com.avaya.sdmclient.runnerdemo.sdmSMGRConcurrent -->
    </test> <!-- SM-7.0.0.0.700007-e55-01.ova -->
  </suite> <!-- Concurrent Suite -->
</testng-results>
