<?xml version="1.0" encoding="UTF-8"?>
<testng-results skipped="0" failed="1" total="8" passed="7">
  <reporter-output>
  </reporter-output>
  <suite name="Default Suite" duration-ms="0" started-at="2015-10-08T15:18:07Z" finished-at="2015-10-08T15:18:07Z">
    <groups>
    </groups>
  </suite> <!-- Default Suite -->
  <suite name="Suite1" duration-ms="7217200" started-at="2015-10-08T13:17:50Z" finished-at="2015-10-08T15:18:07Z">
    <groups>
    </groups>
    <test name="CMM-07.0.0.0.441-e55-0.ova" duration-ms="7217200" started-at="2015-10-08T13:17:50Z" finished-at="2015-10-08T15:18:07Z">
      <class name="com.avaya.sdmclient.runnerdemo.c1">
        <test-method status="PASS" signature="setup()[pri:0, instance:com.avaya.sdmclient.runnerdemo.c1@57d22fa2]" name="setup" is-config="true" duration-ms="1" started-at="2015-10-08T18:47:50Z" finished-at="2015-10-08T18:47:50Z">
          <reporter-output>
          </reporter-output>
        </test-method> <!-- setup -->
        <test-method status="PASS" signature="AddVMSuite(java.lang.String, java.lang.String)[pri:0, instance:com.avaya.sdmclient.runnerdemo.c1@57d22fa2]" name="AddVMSuite" duration-ms="514439" started-at="2015-10-08T18:47:50Z" description="Adding VM to given Location and Host" finished-at="2015-10-08T18:56:24Z">
          <params>
            <param index="0">
              <value>
                <![CDATA[148.147.162.225]]>
              </value>
            </param>
            <param index="1">
              <value>
                <![CDATA[CMM-07.0.0.0.441-e55-0.ova]]>
              </value>
            </param>
          </params>
          <reporter-output>
          </reporter-output>
        </test-method> <!-- AddVMSuite -->
        <test-method status="PASS" signature="EditVM(java.lang.String, java.lang.String)[pri:0, instance:com.avaya.sdmclient.runnerdemo.c1@57d22fa2]" name="EditVM" duration-ms="40796" started-at="2015-10-08T18:56:24Z" description="Editing VM to given Location and Host" finished-at="2015-10-08T18:57:05Z">
          <params>
            <param index="0">
              <value>
                <![CDATA[148.147.162.225]]>
              </value>
            </param>
            <param index="1">
              <value>
                <![CDATA[CMM-07.0.0.0.441-e55-0.ova]]>
              </value>
            </param>
          </params>
          <reporter-output>
          </reporter-output>
        </test-method> <!-- EditVM -->
        <test-method status="PASS" signature="StopVM(java.lang.String, java.lang.String)[pri:0, instance:com.avaya.sdmclient.runnerdemo.c1@57d22fa2]" name="StopVM" duration-ms="130020" started-at="2015-10-08T18:57:05Z" description="Stoping VM to given Location and Host" finished-at="2015-10-08T18:59:15Z">
          <params>
            <param index="0">
              <value>
                <![CDATA[148.147.162.225]]>
              </value>
            </param>
            <param index="1">
              <value>
                <![CDATA[CMM-07.0.0.0.441-e55-0.ova]]>
              </value>
            </param>
          </params>
          <reporter-output>
          </reporter-output>
        </test-method> <!-- StopVM -->
        <test-method status="PASS" signature="StartVM(java.lang.String, java.lang.String)[pri:0, instance:com.avaya.sdmclient.runnerdemo.c1@57d22fa2]" name="StartVM" duration-ms="126049" started-at="2015-10-08T18:59:15Z" description="Starting VM to given Location and Host" finished-at="2015-10-08T19:01:21Z">
          <params>
            <param index="0">
              <value>
                <![CDATA[148.147.162.225]]>
              </value>
            </param>
            <param index="1">
              <value>
                <![CDATA[CMM-07.0.0.0.441-e55-0.ova]]>
              </value>
            </param>
          </params>
          <reporter-output>
          </reporter-output>
        </test-method> <!-- StartVM -->
        <test-method status="FAIL" signature="RefreshVM(java.lang.String, java.lang.String)[pri:0, instance:com.avaya.sdmclient.runnerdemo.c1@57d22fa2]" name="RefreshVM" duration-ms="92530" started-at="2015-10-08T19:01:21Z" description="Refreshing VM to given Location and Host" finished-at="2015-10-08T19:02:54Z">
          <params>
            <param index="0">
              <value>
                <![CDATA[148.147.162.225]]>
              </value>
            </param>
            <param index="1">
              <value>
                <![CDATA[CMM-07.0.0.0.441-e55-0.ova]]>
              </value>
            </param>
          </params>
          <exception class="org.openqa.selenium.TimeoutException">
            <message>
              <![CDATA[Timed out after 50 seconds waiting for text ('VM Trust Establishment Completed') to be present in element found by By.id: vmDeployStatus
Build info: version: '2.46.0', revision: '87c69e2', time: '2015-06-04 16:16:47'
System info: host: 'HA1101901716', ip: '148.147.208.138', os.name: 'Windows 7', os.arch: 'amd64', os.version: '6.1', java.version: '1.7.0_71'
Driver info: driver.version: unknown]]>
            </message>
            <full-stacktrace>
              <![CDATA[org.openqa.selenium.TimeoutException: Timed out after 50 seconds waiting for text ('VM Trust Establishment Completed') to be present in element found by By.id: vmDeployStatus
Build info: version: '2.46.0', revision: '87c69e2', time: '2015-06-04 16:16:47'
System info: host: 'HA1101901716', ip: '148.147.208.138', os.name: 'Windows 7', os.arch: 'amd64', os.version: '6.1', java.version: '1.7.0_71'
Driver info: driver.version: unknown
	at org.openqa.selenium.support.ui.FluentWait.timeoutException(FluentWait.java:260)
	at org.openqa.selenium.support.ui.FluentWait.until(FluentWait.java:229)
	at com.avaya.sdmclient.Settings.fluentWait(Settings.java:578)
	at com.avaya.sdmclient.Settings.StatusCheck(Settings.java:668)
	at com.avaya.sdmclient.runnerdemo.c1.RefreshVM(c1.java:305)
	at sun.reflect.NativeMethodAccessorImpl.invoke0(Native Method)
	at sun.reflect.NativeMethodAccessorImpl.invoke(Unknown Source)
	at sun.reflect.DelegatingMethodAccessorImpl.invoke(Unknown Source)
	at java.lang.reflect.Method.invoke(Unknown Source)
	at org.testng.internal.MethodInvocationHelper.invokeMethod(MethodInvocationHelper.java:85)
	at org.testng.internal.Invoker.invokeMethod(Invoker.java:648)
	at org.testng.internal.Invoker.invokeTestMethod(Invoker.java:834)
	at org.testng.internal.Invoker.invokeTestMethods(Invoker.java:1142)
	at org.testng.internal.TestMethodWorker.invokeTestMethods(TestMethodWorker.java:124)
	at org.testng.internal.TestMethodWorker.run(TestMethodWorker.java:108)
	at org.testng.TestRunner.privateRun(TestRunner.java:771)
	at org.testng.TestRunner.run(TestRunner.java:621)
	at org.testng.SuiteRunner.runTest(SuiteRunner.java:357)
	at org.testng.SuiteRunner.runSequentially(SuiteRunner.java:352)
	at org.testng.SuiteRunner.privateRun(SuiteRunner.java:310)
	at org.testng.SuiteRunner.run(SuiteRunner.java:259)
	at org.testng.SuiteRunnerWorker.runSuite(SuiteRunnerWorker.java:52)
	at org.testng.SuiteRunnerWorker.run(SuiteRunnerWorker.java:86)
	at org.testng.TestNG.runSuitesSequentially(TestNG.java:1176)
	at org.testng.TestNG.runSuitesSequentially(TestNG.java:1172)
	at org.testng.TestNG.runSuitesLocally(TestNG.java:1101)
	at org.testng.TestNG.run(TestNG.java:1009)
	at com.avaya.sdmclient.runnerdemo.settingsForConcThreads.runThread(settingsForConcThreads.java:306)
	at com.avaya.sdmclient.runnerdemo.sdmSMGRConcurrent$1MyRunnable.run(sdmSMGRConcurrent.java:335)
	at java.lang.Thread.run(Unknown Source)
]]>
            </full-stacktrace>
          </exception> <!-- org.openqa.selenium.TimeoutException -->
          <reporter-output>
          </reporter-output>
        </test-method> <!-- RefreshVM -->
        <test-method status="PASS" signature="RestartVM(java.lang.String, java.lang.String)[pri:0, instance:com.avaya.sdmclient.runnerdemo.c1@57d22fa2]" name="RestartVM" duration-ms="161043" started-at="2015-10-08T19:02:54Z" description="Restarting VM to given Location and Host" finished-at="2015-10-08T19:05:35Z">
          <params>
            <param index="0">
              <value>
                <![CDATA[148.147.162.225]]>
              </value>
            </param>
            <param index="1">
              <value>
                <![CDATA[CMM-07.0.0.0.441-e55-0.ova]]>
              </value>
            </param>
          </params>
          <reporter-output>
          </reporter-output>
        </test-method> <!-- RestartVM -->
        <test-method status="PASS" signature="DeleteVM(java.lang.String, java.lang.String)[pri:0, instance:com.avaya.sdmclient.runnerdemo.c1@57d22fa2]" name="DeleteVM" duration-ms="40352" started-at="2015-10-08T19:05:35Z" description="Deleting VM to given Location and Host" finished-at="2015-10-08T19:06:15Z">
          <params>
            <param index="0">
              <value>
                <![CDATA[148.147.162.225]]>
              </value>
            </param>
            <param index="1">
              <value>
                <![CDATA[CMM-07.0.0.0.441-e55-0.ova]]>
              </value>
            </param>
          </params>
          <reporter-output>
          </reporter-output>
        </test-method> <!-- DeleteVM -->
        <test-method status="PASS" signature="startNewThread(java.lang.String, java.lang.String)[pri:0, instance:com.avaya.sdmclient.runnerdemo.c1@57d22fa2]" name="startNewThread" duration-ms="6111970" started-at="2015-10-08T19:06:15Z" description="Starting New Thread" finished-at="2015-10-08T20:48:07Z">
          <params>
            <param index="0">
              <value>
                <![CDATA[148.147.162.225]]>
              </value>
            </param>
            <param index="1">
              <value>
                <![CDATA[CMM-07.0.0.0.441-e55-0.ova]]>
              </value>
            </param>
          </params>
          <reporter-output>
          </reporter-output>
        </test-method> <!-- startNewThread -->
      </class> <!-- com.avaya.sdmclient.runnerdemo.c1 -->
    </test> <!-- CMM-07.0.0.0.441-e55-0.ova -->
  </suite> <!-- Suite1 -->
</testng-results>
