<?xml version="1.0" encoding="UTF-8"?>
<testng-results skipped="0" failed="1" total="7" passed="6">
  <reporter-output>
  </reporter-output>
  <suite name="Default suite" duration-ms="1043326" started-at="2015-08-24T09:51:18Z" finished-at="2015-08-24T10:08:41Z">
    <groups>
    </groups>
    <test name="Default test" duration-ms="1043326" started-at="2015-08-24T09:51:18Z" finished-at="2015-08-24T10:08:41Z">
      <class name="com.avaya.sdmclient.vm._VM">
        <test-method status="PASS" signature="_AddVM()[pri:0, instance:com.avaya.sdmclient.vm._VM@51ff177c]" name="_AddVM" duration-ms="859233" started-at="2015-08-24T15:21:18Z" description="Adding VM to given Location and Host" finished-at="2015-08-24T15:35:37Z">
          <reporter-output>
          </reporter-output>
        </test-method> <!-- _AddVM -->
        <test-method status="PASS" signature="_EditVM()[pri:0, instance:com.avaya.sdmclient.vm._VM@51ff177c]" name="_EditVM" duration-ms="21506" started-at="2015-08-24T15:35:37Z" description="Editing VM to given Location and Host" finished-at="2015-08-24T15:35:59Z">
          <reporter-output>
          </reporter-output>
        </test-method> <!-- _EditVM -->
        <test-method status="PASS" signature="_StopVM()[pri:0, instance:com.avaya.sdmclient.vm._VM@51ff177c]" name="_StopVM" duration-ms="22257" started-at="2015-08-24T15:35:59Z" description="Stoping VM to given Location and Host" finished-at="2015-08-24T15:36:21Z">
          <reporter-output>
          </reporter-output>
        </test-method> <!-- _StopVM -->
        <test-method status="PASS" signature="_StartVM()[pri:0, instance:com.avaya.sdmclient.vm._VM@51ff177c]" name="_StartVM" duration-ms="34649" started-at="2015-08-24T15:36:21Z" description="Starting VM to given Location and Host" finished-at="2015-08-24T15:36:56Z">
          <reporter-output>
          </reporter-output>
        </test-method> <!-- _StartVM -->
        <test-method status="FAIL" signature="_RefreshVM()[pri:0, instance:com.avaya.sdmclient.vm._VM@51ff177c]" name="_RefreshVM" duration-ms="73724" started-at="2015-08-24T15:36:56Z" description="Refreshing VM to given Location and Host" finished-at="2015-08-24T15:38:10Z">
          <exception class="org.openqa.selenium.TimeoutException">
            <message>
              <![CDATA[Timed out after 50 seconds waiting for text ('VM Trust Establishment Completed') to be present in element found by By.id: vmDeployStatus
Build info: version: '2.46.0', revision: '87c69e2', time: '2015-06-04 16:16:47'
System info: host: 'HA1101901716', ip: '148.147.208.138', os.name: 'Windows 7', os.arch: 'amd64', os.version: '6.1', java.version: '1.7.0_71'
Driver info: driver.version: unknown]]>
            </message>
            <full-stacktrace>
              <![CDATA[org.openqa.selenium.TimeoutException: Timed out after 50 seconds waiting for text ('VM Trust Establishment Completed') to be present in element found by By.id: vmDeployStatus
Build info: version: '2.46.0', revision: '87c69e2', time: '2015-06-04 16:16:47'
System info: host: 'HA1101901716', ip: '148.147.208.138', os.name: 'Windows 7', os.arch: 'amd64', os.version: '6.1', java.version: '1.7.0_71'
Driver info: driver.version: unknown
	at org.openqa.selenium.support.ui.FluentWait.timeoutException(FluentWait.java:260)
	at org.openqa.selenium.support.ui.FluentWait.until(FluentWait.java:229)
	at com.avaya.sdmclient._Settings.fluentWait(_Settings.java:386)
	at com.avaya.sdmclient._Settings._StatusCheck(_Settings.java:395)
	at com.avaya.sdmclient.vm._VM._RefreshVM(_VM.java:325)
	at sun.reflect.NativeMethodAccessorImpl.invoke0(Native Method)
	at sun.reflect.NativeMethodAccessorImpl.invoke(Unknown Source)
	at sun.reflect.DelegatingMethodAccessorImpl.invoke(Unknown Source)
	at java.lang.reflect.Method.invoke(Unknown Source)
	at org.testng.internal.MethodInvocationHelper.invokeMethod(MethodInvocationHelper.java:85)
	at org.testng.internal.Invoker.invokeMethod(Invoker.java:648)
	at org.testng.internal.Invoker.invokeTestMethod(Invoker.java:834)
	at org.testng.internal.Invoker.invokeTestMethods(Invoker.java:1142)
	at org.testng.internal.TestMethodWorker.invokeTestMethods(TestMethodWorker.java:124)
	at org.testng.internal.TestMethodWorker.run(TestMethodWorker.java:108)
	at org.testng.TestRunner.privateRun(TestRunner.java:771)
	at org.testng.TestRunner.run(TestRunner.java:621)
	at org.testng.SuiteRunner.runTest(SuiteRunner.java:357)
	at org.testng.SuiteRunner.runSequentially(SuiteRunner.java:352)
	at org.testng.SuiteRunner.privateRun(SuiteRunner.java:310)
	at org.testng.SuiteRunner.run(SuiteRunner.java:259)
	at org.testng.SuiteRunnerWorker.runSuite(SuiteRunnerWorker.java:52)
	at org.testng.SuiteRunnerWorker.run(SuiteRunnerWorker.java:86)
	at org.testng.TestNG.runSuitesSequentially(TestNG.java:1176)
	at org.testng.TestNG.runSuitesLocally(TestNG.java:1101)
	at org.testng.TestNG.run(TestNG.java:1009)
	at org.testng.remote.RemoteTestNG.run(RemoteTestNG.java:111)
	at org.testng.remote.RemoteTestNG.initAndRun(RemoteTestNG.java:204)
	at org.testng.remote.RemoteTestNG.main(RemoteTestNG.java:175)
]]>
            </full-stacktrace>
          </exception> <!-- org.openqa.selenium.TimeoutException -->
          <reporter-output>
          </reporter-output>
        </test-method> <!-- _RefreshVM -->
        <test-method status="PASS" signature="_RestartVM()[pri:0, instance:com.avaya.sdmclient.vm._VM@51ff177c]" name="_RestartVM" duration-ms="13093" started-at="2015-08-24T15:38:10Z" description="Restarting VM to given Location and Host" finished-at="2015-08-24T15:38:23Z">
          <reporter-output>
          </reporter-output>
        </test-method> <!-- _RestartVM -->
        <test-method status="PASS" signature="_DeleteVM()[pri:0, instance:com.avaya.sdmclient.vm._VM@51ff177c]" name="_DeleteVM" duration-ms="18662" started-at="2015-08-24T15:38:23Z" description="Deleting VM to given Location and Host" finished-at="2015-08-24T15:38:41Z">
          <reporter-output>
          </reporter-output>
        </test-method> <!-- _DeleteVM -->
      </class> <!-- com.avaya.sdmclient.vm._VM -->
    </test> <!-- Default test -->
  </suite> <!-- Default suite -->
</testng-results>
